
> portfolio@0.1.0 build
> next build

Γû▓ Next.js 16.1.1 (Turbopack)
- Environments: .env
- Experiments (use with caution):
  Γ£ô optimizeCss

  Creating an optimized production build ...
node.exe : 
At line:1 char:1
+ & "C:\Program Files
\nodejs/node.exe" 
"C:\Program 
Files\nodejs/node_mo 
...
+ ~~~~~~~~~~~~~~~~~~~
~~~~~~~~~~~~~~~~~~~~~
~~~~~~~~~~~~~~~~~~~~~
~~~~~~~~
    + CategoryInfo   
           : NotSpe  
  cified: (:String   
 ) [], RemoteExce    
ption
    + FullyQualified 
   ErrorId : Native  
  CommandError
 
> Build error 
occurred
Error: Turbopack 
build failed with 1 
errors:
./src/app/feed.xml/ro
ute.ts:1:1
Module not found: 
Can't resolve 'feed'
[0m[31m[1m>[22m[
39m[90m 1 |[39m 
[36mimport[39m { 
[33mFeed[39m } 
[36mfrom[39m [32m'
feed'[39m[33m;[39m
 [90m   |[39m [31m
[1m^[22m[39m[31m
[1m^[22m[39m[31m[
1m^[22m[39m[31m[1
m^[22m[39m[31m[1m
^[22m[39m[31m[1m^
[22m[39m[31m[1m^
[22m[39m[31m[1m^[
22m[39m[31m[1m^[2
2m[39m[31m[1m^[22
m[39m[31m[1m^[22m
[39m[31m[1m^[22m
[39m[31m[1m^[22m[
39m[31m[1m^[22m[3
9m[31m[1m^[22m[39
m[31m[1m^[22m[39m
[31m[1m^[22m[39m
[31m[1m^[22m[39m[
31m[1m^[22m[39m[3
1m[1m^[22m[39m[31
m[1m^[22m[39m[31m
[1m^[22m[39m[31m
[1m^[22m[39m[31m[
1m^[22m[39m[31m[1
m^[22m[39m[31m[1m
^[22m[39m[31m[1m^
[22m[39m[31m[1m^
[22m[39m
 [90m 2 |[39m
 [90m 3 |[39m
 [90m 4 |[39m 
[36mexport[39m 
[36masync[39m 
[36mfunction[39m 
[33mGET[39m() {[0m



https://nextjs.org/do
cs/messages/module-no
t-found


    at <unknown> (./s
rc/app/feed.xml/route
.ts:1:1)
    at <unknown> (htt
ps://nextjs.org/docs/
messages/module-not-f
ound)
